# JRE version: OpenJDK Runtime Environment Temurin-17.0.3+7 (17.0.3+7) (build 17.0.3+7)
# Java VM: OpenJDK 64-Bit Server VM Temurin-17.0.3+7 (17.0.3+7, mixed mode, emulated-client, tiered, compressed oops, compressed class ptrs, g1 gc, windows-amd64)
GC Precious Log:
 CPUs: 4 total, 4 available
 Memory: 8067M
 Large Page Support: Disabled
 NUMA Support: Disabled
 Compressed Oops: Enabled (32-bit)
 Heap Region Size: 1M
 Heap Min Capacity: 8M
 Heap Initial Capacity: 128M
 Heap Max Capacity: 2018M
 Pre-touch: Disabled
 Parallel Workers: 4
 Concurrent Workers: 1
 Concurrent Refinement Workers: 4
 Periodic GC: Disabled
Heap:
 garbage-first heap   total 37888K, used 9907K [0x0000000081e00000, 0x0000000100000000)
  region size 1024K, 1 young (1024K), 0 survivors (0K)
 Metaspace       used 28581K, committed 28928K, reserved 1081344K
  class space    used 3819K, committed 3968K, reserved 1048576K
GC Heap History (20 events):
Event: 1126.187 GC heap before
{Heap before GC invocations=75 (full 67):
 garbage-first heap   total 37888K, used 9907K [0x0000000081e00000, 0x0000000100000000)
  region size 1024K, 1 young (1024K), 0 survivors (0K)
 Metaspace       used 28581K, committed 28928K, reserved 1081344K
  class space    used 3819K, committed 3968K, reserved 1048576K
}
Event: 1126.208 GC heap after
{Heap after GC invocations=76 (full 68):
 garbage-first heap   total 37888K, used 9907K [0x0000000081e00000, 0x0000000100000000)
  region size 1024K, 0 young (0K), 0 survivors (0K)
 Metaspace       used 28581K, committed 28928K, reserved 1081344K
  class space    used 3819K, committed 3968K, reserved 1048576K
}
Event: 1136.506 GC heap before
{Heap before GC invocations=76 (full 68):
 garbage-first heap   total 37888K, used 9907K [0x0000000081e00000, 0x0000000100000000)
  region size 1024K, 1 young (1024K), 0 survivors (0K)
 Metaspace       used 28581K, committed 28928K, reserved 1081344K
  class space    used 3819K, committed 3968K, reserved 1048576K
}
Event: 1136.526 GC heap after
{Heap after GC invocations=77 (full 69):
 garbage-first heap   total 37888K, used 9907K [0x0000000081e00000, 0x0000000100000000)
  region size 1024K, 0 young (0K), 0 survivors (0K)
 Metaspace       used 28581K, committed 28928K, reserved 1081344K
  class space    used 3819K, committed 3968K, reserved 1048576K
}
Event: 1146.812 GC heap before
{Heap before GC invocations=77 (full 69):
 garbage-first heap   total 37888K, used 9907K [0x0000000081e00000, 0x0000000100000000)
  region size 1024K, 1 young (1024K), 0 survivors (0K)
 Metaspace       used 28581K, committed 28928K, reserved 1081344K
  class space    used 3819K, committed 3968K, reserved 1048576K
}
Event: 1146.833 GC heap after
{Heap after GC invocations=78 (full 70):
 garbage-first heap   total 37888K, used 9907K [0x0000000081e00000, 0x0000000100000000)
  region size 1024K, 0 young (0K), 0 survivors (0K)
 Metaspace       used 28581K, committed 28928K, reserved 1081344K
  class space    used 3819K, committed 3968K, reserved 1048576K
}
Event: 1157.203 GC heap before
{Heap before GC invocations=78 (full 70):
 garbage-first heap   total 37888K, used 9907K [0x0000000081e00000, 0x0000000100000000)
  region size 1024K, 1 young (1024K), 0 survivors (0K)
 Metaspace       used 28581K, committed 28928K, reserved 1081344K
  class space    used 3819K, committed 3968K, reserved 1048576K
}
Event: 1157.226 GC heap after
{Heap after GC invocations=79 (full 71):
 garbage-first heap   total 37888K, used 9907K [0x0000000081e00000, 0x0000000100000000)
  region size 1024K, 0 young (0K), 0 survivors (0K)
 Metaspace       used 28581K, committed 28928K, reserved 1081344K
  class space    used 3819K, committed 3968K, reserved 1048576K
}
Event: 1167.535 GC heap before
{Heap before GC invocations=79 (full 71):
 garbage-first heap   total 37888K, used 9907K [0x0000000081e00000, 0x0000000100000000)
  region size 1024K, 1 young (1024K), 0 survivors (0K)
 Metaspace       used 28581K, committed 28928K, reserved 1081344K
  class space    used 3819K, committed 3968K, reserved 1048576K
}
Event: 1167.558 GC heap after
{Heap after GC invocations=80 (full 72):
 garbage-first heap   total 37888K, used 9907K [0x0000000081e00000, 0x0000000100000000)
  region size 1024K, 0 young (0K), 0 survivors (0K)
 Metaspace       used 28581K, committed 28928K, reserved 1081344K
  class space    used 3819K, committed 3968K, reserved 1048576K
}
Event: 1178.395 GC heap before
{Heap before GC invocations=80 (full 72):
 garbage-first heap   total 37888K, used 9907K [0x0000000081e00000, 0x0000000100000000)
  region size 1024K, 1 young (1024K), 0 survivors (0K)
 Metaspace       used 28581K, committed 28928K, reserved 1081344K
  class space    used 3819K, committed 3968K, reserved 1048576K
}
Event: 1178.419 GC heap after
{Heap after GC invocations=81 (full 73):
 garbage-first heap   total 37888K, used 9907K [0x0000000081e00000, 0x0000000100000000)
  region size 1024K, 0 young (0K), 0 survivors (0K)
 Metaspace       used 28581K, committed 28928K, reserved 1081344K
  class space    used 3819K, committed 3968K, reserved 1048576K
}
Event: 1189.520 GC heap before
{Heap before GC invocations=81 (full 73):
 garbage-first heap   total 37888K, used 9907K [0x0000000081e00000, 0x0000000100000000)
  region size 1024K, 1 young (1024K), 0 survivors (0K)
 Metaspace       used 28581K, committed 28928K, reserved 1081344K
  class space    used 3819K, committed 3968K, reserved 1048576K
}
Event: 1189.548 GC heap after
{Heap after GC invocations=82 (full 74):
 garbage-first heap   total 37888K, used 9907K [0x0000000081e00000, 0x0000000100000000)
  region size 1024K, 0 young (0K), 0 survivors (0K)
 Metaspace       used 28581K, committed 28928K, reserved 1081344K
  class space    used 3819K, committed 3968K, reserved 1048576K
}
Event: 1200.090 GC heap before
{Heap before GC invocations=82 (full 74):
 garbage-first heap   total 37888K, used 9907K [0x0000000081e00000, 0x0000000100000000)
  region size 1024K, 1 young (1024K), 0 survivors (0K)
 Metaspace       used 28581K, committed 28928K, reserved 1081344K
  class space    used 3819K, committed 3968K, reserved 1048576K
}
Event: 1200.113 GC heap after
{Heap after GC invocations=83 (full 75):
 garbage-first heap   total 37888K, used 9907K [0x0000000081e00000, 0x0000000100000000)
  region size 1024K, 0 young (0K), 0 survivors (0K)
 Metaspace       used 28581K, committed 28928K, reserved 1081344K
  class space    used 3819K, committed 3968K, reserved 1048576K
}
Event: 1210.522 GC heap before
{Heap before GC invocations=83 (full 75):
 garbage-first heap   total 37888K, used 9907K [0x0000000081e00000, 0x0000000100000000)
  region size 1024K, 1 young (1024K), 0 survivors (0K)
 Metaspace       used 28581K, committed 28928K, reserved 1081344K
  class space    used 3819K, committed 3968K, reserved 1048576K
}
Event: 1210.545 GC heap after
{Heap after GC invocations=84 (full 76):
 garbage-first heap   total 37888K, used 9907K [0x0000000081e00000, 0x0000000100000000)
  region size 1024K, 0 young (0K), 0 survivors (0K)
 Metaspace       used 28581K, committed 28928K, reserved 1081344K
  class space    used 3819K, committed 3968K, reserved 1048576K
}
Event: 1222.976 GC heap before
{Heap before GC invocations=84 (full 76):
 garbage-first heap   total 37888K, used 9907K [0x0000000081e00000, 0x0000000100000000)
  region size 1024K, 1 young (1024K), 0 survivors (0K)
 Metaspace       used 28581K, committed 28928K, reserved 1081344K
  class space    used 3819K, committed 3968K, reserved 1048576K
}
Event: 1223.009 GC heap after
{Heap after GC invocations=85 (full 77):
 garbage-first heap   total 37888K, used 9907K [0x0000000081e00000, 0x0000000100000000)
  region size 1024K, 0 young (0K), 0 survivors (0K)
 Metaspace       used 28581K, committed 28928K, reserved 1081344K
  class space    used 3819K, committed 3968K, reserved 1048576K
}

